22:01:02.666 [main] DEBUG com.intuit.karate.Suite - [config] classpath:karate-config.js
22:01:05.512 [pool-1-thread-1] INFO  com.intuit.karate - karate.env system property was: null 
22:01:05.568 [pool-1-thread-2] INFO  com.intuit.karate - karate.env system property was: null 
22:01:06.678 [pool-1-thread-1] DEBUG com.intuit.karate - request:
1 > GET https://jsonplaceholder.typicode.com/users
1 > Host: jsonplaceholder.typicode.com
1 > Connection: Keep-Alive
1 > User-Agent: Apache-HttpClient/4.5.14 (Java/20.0.1)
1 > Accept-Encoding: gzip,deflate


22:01:06.679 [pool-1-thread-2] DEBUG com.intuit.karate - request:
1 > POST https://jsonplaceholder.typicode.com/users
1 > Content-Type: application/json; charset=UTF-8
1 > Content-Length: 160
1 > Host: jsonplaceholder.typicode.com
1 > Connection: Keep-Alive
1 > User-Agent: Apache-HttpClient/4.5.14 (Java/20.0.1)
1 > Accept-Encoding: gzip,deflate
{"name":"Test User","username":"testuser","email":"test@user.com","address":{"street":"Has No Name","suite":"Apt. 123","city":"Electri","zipcode":"54321-6789"}}

22:01:07.580 [pool-1-thread-1] DEBUG com.intuit.karate - response time in milliseconds: 894
1 < 200
1 < Date: Mon, 22 May 2023 12:01:07 GMT
1 < Content-Type: application/json; charset=utf-8
1 < Transfer-Encoding: chunked
1 < Connection: keep-alive
1 < X-Powered-By: Express
1 < X-Ratelimit-Limit: 1000
1 < X-Ratelimit-Remaining: 998
1 < X-Ratelimit-Reset: 1650408934
1 < Vary: Origin, Accept-Encoding
1 < Access-Control-Allow-Credentials: true
1 < Cache-Control: max-age=43200
1 < Pragma: no-cache
1 < Expires: -1
1 < X-Content-Type-Options: nosniff
1 < Etag: W/"160d-1eMSsxeJRfnVLRBmYJSbCiJZ1qQ"
1 < Via: 1.1 vegur
1 < CF-Cache-Status: HIT
1 < Age: 11113
1 < Report-To: {"endpoints":[{"url":"https:\/\/a.nel.cloudflare.com\/report\/v3?s=3Zx1WHObkW2QPYx1wrLMWTzUQQBIfvYhDz7F%2FvNgeNpQjmtLpGFb%2F9Z4FQ%2BKzo8YlqRrALnWM%2FRJQUhC%2Bu3Us9bm5TNnet3VP9vjDjaPj0apqnTqjNquKJROadKYyQc%2BPgkPrsoInJwi5DGxHGQ%3D"}],"group":"cf-nel","max_age":604800}
1 < NEL: {"success_fraction":0,"report_to":"cf-nel","max_age":604800}
1 < Server: cloudflare
1 < CF-RAY: 7cb4e714a8f22b30-MEL
[
  {
    "id": 1,
    "name": "Leanne Graham",
    "username": "Bret",
    "email": "Sincere@april.biz",
    "address": {
      "street": "Kulas Light",
      "suite": "Apt. 556",
      "city": "Gwenborough",
      "zipcode": "92998-3874",
      "geo": {
        "lat": "-37.3159",
        "lng": "81.1496"
      }
    },
    "phone": "1-770-736-8031 x56442",
    "website": "hildegard.org",
    "company": {
      "name": "Romaguera-Crona",
      "catchPhrase": "Multi-layered client-server neural-net",
      "bs": "harness real-time e-markets"
    }
  },
  {
    "id": 2,
    "name": "Ervin Howell",
    "username": "Antonette",
    "email": "Shanna@melissa.tv",
    "address": {
      "street": "Victor Plains",
      "suite": "Suite 879",
      "city": "Wisokyburgh",
      "zipcode": "90566-7771",
      "geo": {
        "lat": "-43.9509",
        "lng": "-34.4618"
      }
    },
    "phone": "010-692-6593 x09125",
    "website": "anastasia.net",
    "company": {
      "name": "Deckow-Crist",
      "catchPhrase": "Proactive didactic contingency",
      "bs": "synergize scalable supply-chains"
    }
  },
  {
    "id": 3,
    "name": "Clementine Bauch",
    "username": "Samantha",
    "email": "Nathan@yesenia.net",
    "address": {
      "street": "Douglas Extension",
      "suite": "Suite 847",
      "city": "McKenziehaven",
      "zipcode": "59590-4157",
      "geo": {
        "lat": "-68.6102",
        "lng": "-47.0653"
      }
    },
    "phone": "1-463-123-4447",
    "website": "ramiro.info",
    "company": {
      "name": "Romaguera-Jacobson",
      "catchPhrase": "Face to face bifurcated interface",
      "bs": "e-enable strategic applications"
    }
  },
  {
    "id": 4,
    "name": "Patricia Lebsack",
    "username": "Karianne",
    "email": "Julianne.OConner@kory.org",
    "address": {
      "street": "Hoeger Mall",
      "suite": "Apt. 692",
      "city": "South Elvis",
      "zipcode": "53919-4257",
      "geo": {
        "lat": "29.4572",
        "lng": "-164.2990"
      }
    },
    "phone": "493-170-9623 x156",
    "website": "kale.biz",
    "company": {
      "name": "Robel-Corkery",
      "catchPhrase": "Multi-tiered zero tolerance productivity",
      "bs": "transition cutting-edge web services"
    }
  },
  {
    "id": 5,
    "name": "Chelsey Dietrich",
    "username": "Kamren",
    "email": "Lucio_Hettinger@annie.ca",
    "address": {
      "street": "Skiles Walks",
      "suite": "Suite 351",
      "city": "Roscoeview",
      "zipcode": "33263",
      "geo": {
        "lat": "-31.8129",
        "lng": "62.5342"
      }
    },
    "phone": "(254)954-1289",
    "website": "demarco.info",
    "company": {
      "name": "Keebler LLC",
      "catchPhrase": "User-centric fault-tolerant solution",
      "bs": "revolutionize end-to-end systems"
    }
  },
  {
    "id": 6,
    "name": "Mrs. Dennis Schulist",
    "username": "Leopoldo_Corkery",
    "email": "Karley_Dach@jasper.info",
    "address": {
      "street": "Norberto Crossing",
      "suite": "Apt. 950",
      "city": "South Christy",
      "zipcode": "23505-1337",
      "geo": {
        "lat": "-71.4197",
        "lng": "71.7478"
      }
    },
    "phone": "1-477-935-8478 x6430",
    "website": "ola.org",
    "company": {
      "name": "Considine-Lockman",
      "catchPhrase": "Synchronised bottom-line interface",
      "bs": "e-enable innovative applications"
    }
  },
  {
    "id": 7,
    "name": "Kurtis Weissnat",
    "username": "Elwyn.Skiles",
    "email": "Telly.Hoeger@billy.biz",
    "address": {
      "street": "Rex Trail",
      "suite": "Suite 280",
      "city": "Howemouth",
      "zipcode": "58804-1099",
      "geo": {
        "lat": "24.8918",
        "lng": "21.8984"
      }
    },
    "phone": "210.067.6132",
    "website": "elvis.io",
    "company": {
      "name": "Johns Group",
      "catchPhrase": "Configurable multimedia task-force",
      "bs": "generate enterprise e-tailers"
    }
  },
  {
    "id": 8,
    "name": "Nicholas Runolfsdottir V",
    "username": "Maxime_Nienow",
    "email": "Sherwood@rosamond.me",
    "address": {
      "street": "Ellsworth Summit",
      "suite": "Suite 729",
      "city": "Aliyaview",
      "zipcode": "45169",
      "geo": {
        "lat": "-14.3990",
        "lng": "-120.7677"
      }
    },
    "phone": "586.493.6943 x140",
    "website": "jacynthe.com",
    "company": {
      "name": "Abernathy Group",
      "catchPhrase": "Implemented secondary concept",
      "bs": "e-enable extensible e-tailers"
    }
  },
  {
    "id": 9,
    "name": "Glenna Reichert",
    "username": "Delphine",
    "email": "Chaim_McDermott@dana.io",
    "address": {
      "street": "Dayna Park",
      "suite": "Suite 449",
      "city": "Bartholomebury",
      "zipcode": "76495-3109",
      "geo": {
        "lat": "24.6463",
        "lng": "-168.8889"
      }
    },
    "phone": "(775)976-6794 x41206",
    "website": "conrad.com",
    "company": {
      "name": "Yost and Sons",
      "catchPhrase": "Switchable contextually-based project",
      "bs": "aggregate real-time technologies"
    }
  },
  {
    "id": 10,
    "name": "Clementina DuBuque",
    "username": "Moriah.Stanton",
    "email": "Rey.Padberg@karina.biz",
    "address": {
      "street": "Kattie Turnpike",
      "suite": "Suite 198",
      "city": "Lebsackbury",
      "zipcode": "31428-2261",
      "geo": {
        "lat": "-38.2386",
        "lng": "57.2232"
      }
    },
    "phone": "024-648-3804",
    "website": "ambrose.net",
    "company": {
      "name": "Hoeger LLC",
      "catchPhrase": "Centralized empowering task-force",
      "bs": "target end-to-end models"
    }
  }
]

22:01:07.690 [pool-1-thread-1] DEBUG com.intuit.karate - request:
2 > GET https://jsonplaceholder.typicode.com/users/1
2 > Host: jsonplaceholder.typicode.com
2 > Connection: Keep-Alive
2 > User-Agent: Apache-HttpClient/4.5.14 (Java/20.0.1)
2 > Accept-Encoding: gzip,deflate


22:01:08.065 [pool-1-thread-2] DEBUG com.intuit.karate - response time in milliseconds: 1382
1 < 201
1 < Date: Mon, 22 May 2023 12:01:07 GMT
1 < Content-Type: application/json; charset=utf-8
1 < Content-Length: 216
1 < Connection: keep-alive
1 < X-Powered-By: Express
1 < X-Ratelimit-Limit: 1000
1 < X-Ratelimit-Remaining: 999
1 < X-Ratelimit-Reset: 1684756921
1 < Vary: Origin, X-HTTP-Method-Override, Accept-Encoding
1 < Access-Control-Allow-Credentials: true
1 < Cache-Control: no-cache
1 < Pragma: no-cache
1 < Expires: -1
1 < Access-Control-Expose-Headers: Location
1 < Location: http://jsonplaceholder.typicode.com/users/11
1 < X-Content-Type-Options: nosniff
1 < Etag: W/"d8-pYV7+YuMGP2hxHPU9ARrf97ifDA"
1 < Via: 1.1 vegur
1 < CF-Cache-Status: DYNAMIC
1 < Report-To: {"endpoints":[{"url":"https:\/\/a.nel.cloudflare.com\/report\/v3?s=R3uGMKAq4tDTnWm8firK4%2FG9zrKYuPHtwtESAkBWeLZyB1QeSq%2For8XyHmzmwZOdufar%2BTn%2FldJRIkkc2C6j5wAvoBSoeK4d3Utecu5POdq0ryZvSzSwLYYcCn9a3dt%2FPnCYcjnnTeElJlXPJjI%3D"}],"group":"cf-nel","max_age":604800}
1 < NEL: {"success_fraction":0,"report_to":"cf-nel","max_age":604800}
1 < Server: cloudflare
1 < CF-RAY: 7cb4e714bcb72b35-MEL
{
  "name": "Test User",
  "username": "testuser",
  "email": "test@user.com",
  "address": {
    "street": "Has No Name",
    "suite": "Apt. 123",
    "city": "Electri",
    "zipcode": "54321-6789"
  },
  "id": 11
}

22:01:08.091 [pool-1-thread-2] INFO  com.intuit.karate - [print] created id is:  11 
22:01:08.270 [pool-1-thread-1] DEBUG com.intuit.karate - response time in milliseconds: 575
2 < 200
2 < Date: Mon, 22 May 2023 12:01:07 GMT
2 < Content-Type: application/json; charset=utf-8
2 < Transfer-Encoding: chunked
2 < Connection: keep-alive
2 < X-Powered-By: Express
2 < X-Ratelimit-Limit: 1000
2 < X-Ratelimit-Remaining: 998
2 < X-Ratelimit-Reset: 1680481677
2 < Vary: Origin, Accept-Encoding
2 < Access-Control-Allow-Credentials: true
2 < Cache-Control: max-age=43200
2 < Pragma: no-cache
2 < Expires: -1
2 < X-Content-Type-Options: nosniff
2 < Etag: W/"1fd-+2Y3G3w049iSZtw5t1mzSnunngE"
2 < Via: 1.1 vegur
2 < CF-Cache-Status: REVALIDATED
2 < Report-To: {"endpoints":[{"url":"https:\/\/a.nel.cloudflare.com\/report\/v3?s=Zt839LpvPLF%2BnEfU9I2SSIT%2BWzm%2Bo5USk%2FRAL88QqCPLZk6sMyKbZDjwQFQcTIfN5K5N5wa7mpxb7DmKFwxG7AjA9EELl5LuEkQjVDz7E%2FDFO4OUkSSqd8frlxgZ2lDxJGK%2BLz3UcyX17HtsrHY%3D"}],"group":"cf-nel","max_age":604800}
2 < NEL: {"success_fraction":0,"report_to":"cf-nel","max_age":604800}
2 < Server: cloudflare
2 < CF-RAY: 7cb4e7160cef1f60-MEL
{
  "id": 1,
  "name": "Leanne Graham",
  "username": "Bret",
  "email": "Sincere@april.biz",
  "address": {
    "street": "Kulas Light",
    "suite": "Apt. 556",
    "city": "Gwenborough",
    "zipcode": "92998-3874",
    "geo": {
      "lat": "-37.3159",
      "lng": "81.1496"
    }
  },
  "phone": "1-770-736-8031 x56442",
  "website": "hildegard.org",
  "company": {
    "name": "Romaguera-Crona",
    "catchPhrase": "Multi-layered client-server neural-net",
    "bs": "harness real-time e-markets"
  }
}

22:01:09.982 [pool-2-thread-1] INFO  com.intuit.karate.Suite - <<pass>> feature 1 of 1 (0 remaining) classpath:examples/users/users.feature
22:02:13.611 [main] DEBUG com.intuit.karate.Suite - [config] classpath:karate-config.js
22:02:13.635 [main] INFO  com.intuit.karate.Suite - backed up existing 'target\karate-reports' dir to: target\karate-reports_1684756933621
22:02:16.009 [pool-1-thread-1] INFO  com.intuit.karate - karate.env system property was: null 
22:02:16.069 [pool-1-thread-2] INFO  com.intuit.karate - karate.env system property was: null 
22:02:16.952 [pool-1-thread-1] DEBUG com.intuit.karate - request:
1 > GET https://jsonplaceholder.typicode.com/users
1 > Host: jsonplaceholder.typicode.com
1 > Connection: Keep-Alive
1 > User-Agent: Apache-HttpClient/4.5.14 (Java/20.0.1)
1 > Accept-Encoding: gzip,deflate


22:02:16.952 [pool-1-thread-2] DEBUG com.intuit.karate - request:
1 > POST https://jsonplaceholder.typicode.com/users
1 > Content-Type: application/json; charset=UTF-8
1 > Content-Length: 160
1 > Host: jsonplaceholder.typicode.com
1 > Connection: Keep-Alive
1 > User-Agent: Apache-HttpClient/4.5.14 (Java/20.0.1)
1 > Accept-Encoding: gzip,deflate
{"name":"Test User","username":"testuser","email":"test@user.com","address":{"street":"Has No Name","suite":"Apt. 123","city":"Electri","zipcode":"54321-6789"}}

22:02:17.879 [pool-1-thread-1] DEBUG com.intuit.karate - response time in milliseconds: 920
1 < 200
1 < Date: Mon, 22 May 2023 12:02:17 GMT
1 < Content-Type: application/json; charset=utf-8
1 < Transfer-Encoding: chunked
1 < Connection: keep-alive
1 < X-Powered-By: Express
1 < X-Ratelimit-Limit: 1000
1 < X-Ratelimit-Remaining: 998
1 < X-Ratelimit-Reset: 1650408934
1 < Vary: Origin, Accept-Encoding
1 < Access-Control-Allow-Credentials: true
1 < Cache-Control: max-age=43200
1 < Pragma: no-cache
1 < Expires: -1
1 < X-Content-Type-Options: nosniff
1 < Etag: W/"160d-1eMSsxeJRfnVLRBmYJSbCiJZ1qQ"
1 < Via: 1.1 vegur
1 < CF-Cache-Status: HIT
1 < Age: 11183
1 < Report-To: {"endpoints":[{"url":"https:\/\/a.nel.cloudflare.com\/report\/v3?s=LQjYJaAfSH6ldN1Rbg3rcsZGW06ZUSVWGMO5x8yfpIBDgfTgtFCNUsiL5a3rzAY2xIbMA69t5f9ihS16eCUlAmD2CgSSANxctnpaYoFudNKgywU2K9sYhLMBktd7KKnPrNV6FjsjuiEoF2lhLpc%3D"}],"group":"cf-nel","max_age":604800}
1 < NEL: {"success_fraction":0,"report_to":"cf-nel","max_age":604800}
1 < Server: cloudflare
1 < CF-RAY: 7cb4e8cc0ef41f5f-MEL
[
  {
    "id": 1,
    "name": "Leanne Graham",
    "username": "Bret",
    "email": "Sincere@april.biz",
    "address": {
      "street": "Kulas Light",
      "suite": "Apt. 556",
      "city": "Gwenborough",
      "zipcode": "92998-3874",
      "geo": {
        "lat": "-37.3159",
        "lng": "81.1496"
      }
    },
    "phone": "1-770-736-8031 x56442",
    "website": "hildegard.org",
    "company": {
      "name": "Romaguera-Crona",
      "catchPhrase": "Multi-layered client-server neural-net",
      "bs": "harness real-time e-markets"
    }
  },
  {
    "id": 2,
    "name": "Ervin Howell",
    "username": "Antonette",
    "email": "Shanna@melissa.tv",
    "address": {
      "street": "Victor Plains",
      "suite": "Suite 879",
      "city": "Wisokyburgh",
      "zipcode": "90566-7771",
      "geo": {
        "lat": "-43.9509",
        "lng": "-34.4618"
      }
    },
    "phone": "010-692-6593 x09125",
    "website": "anastasia.net",
    "company": {
      "name": "Deckow-Crist",
      "catchPhrase": "Proactive didactic contingency",
      "bs": "synergize scalable supply-chains"
    }
  },
  {
    "id": 3,
    "name": "Clementine Bauch",
    "username": "Samantha",
    "email": "Nathan@yesenia.net",
    "address": {
      "street": "Douglas Extension",
      "suite": "Suite 847",
      "city": "McKenziehaven",
      "zipcode": "59590-4157",
      "geo": {
        "lat": "-68.6102",
        "lng": "-47.0653"
      }
    },
    "phone": "1-463-123-4447",
    "website": "ramiro.info",
    "company": {
      "name": "Romaguera-Jacobson",
      "catchPhrase": "Face to face bifurcated interface",
      "bs": "e-enable strategic applications"
    }
  },
  {
    "id": 4,
    "name": "Patricia Lebsack",
    "username": "Karianne",
    "email": "Julianne.OConner@kory.org",
    "address": {
      "street": "Hoeger Mall",
      "suite": "Apt. 692",
      "city": "South Elvis",
      "zipcode": "53919-4257",
      "geo": {
        "lat": "29.4572",
        "lng": "-164.2990"
      }
    },
    "phone": "493-170-9623 x156",
    "website": "kale.biz",
    "company": {
      "name": "Robel-Corkery",
      "catchPhrase": "Multi-tiered zero tolerance productivity",
      "bs": "transition cutting-edge web services"
    }
  },
  {
    "id": 5,
    "name": "Chelsey Dietrich",
    "username": "Kamren",
    "email": "Lucio_Hettinger@annie.ca",
    "address": {
      "street": "Skiles Walks",
      "suite": "Suite 351",
      "city": "Roscoeview",
      "zipcode": "33263",
      "geo": {
        "lat": "-31.8129",
        "lng": "62.5342"
      }
    },
    "phone": "(254)954-1289",
    "website": "demarco.info",
    "company": {
      "name": "Keebler LLC",
      "catchPhrase": "User-centric fault-tolerant solution",
      "bs": "revolutionize end-to-end systems"
    }
  },
  {
    "id": 6,
    "name": "Mrs. Dennis Schulist",
    "username": "Leopoldo_Corkery",
    "email": "Karley_Dach@jasper.info",
    "address": {
      "street": "Norberto Crossing",
      "suite": "Apt. 950",
      "city": "South Christy",
      "zipcode": "23505-1337",
      "geo": {
        "lat": "-71.4197",
        "lng": "71.7478"
      }
    },
    "phone": "1-477-935-8478 x6430",
    "website": "ola.org",
    "company": {
      "name": "Considine-Lockman",
      "catchPhrase": "Synchronised bottom-line interface",
      "bs": "e-enable innovative applications"
    }
  },
  {
    "id": 7,
    "name": "Kurtis Weissnat",
    "username": "Elwyn.Skiles",
    "email": "Telly.Hoeger@billy.biz",
    "address": {
      "street": "Rex Trail",
      "suite": "Suite 280",
      "city": "Howemouth",
      "zipcode": "58804-1099",
      "geo": {
        "lat": "24.8918",
        "lng": "21.8984"
      }
    },
    "phone": "210.067.6132",
    "website": "elvis.io",
    "company": {
      "name": "Johns Group",
      "catchPhrase": "Configurable multimedia task-force",
      "bs": "generate enterprise e-tailers"
    }
  },
  {
    "id": 8,
    "name": "Nicholas Runolfsdottir V",
    "username": "Maxime_Nienow",
    "email": "Sherwood@rosamond.me",
    "address": {
      "street": "Ellsworth Summit",
      "suite": "Suite 729",
      "city": "Aliyaview",
      "zipcode": "45169",
      "geo": {
        "lat": "-14.3990",
        "lng": "-120.7677"
      }
    },
    "phone": "586.493.6943 x140",
    "website": "jacynthe.com",
    "company": {
      "name": "Abernathy Group",
      "catchPhrase": "Implemented secondary concept",
      "bs": "e-enable extensible e-tailers"
    }
  },
  {
    "id": 9,
    "name": "Glenna Reichert",
    "username": "Delphine",
    "email": "Chaim_McDermott@dana.io",
    "address": {
      "street": "Dayna Park",
      "suite": "Suite 449",
      "city": "Bartholomebury",
      "zipcode": "76495-3109",
      "geo": {
        "lat": "24.6463",
        "lng": "-168.8889"
      }
    },
    "phone": "(775)976-6794 x41206",
    "website": "conrad.com",
    "company": {
      "name": "Yost and Sons",
      "catchPhrase": "Switchable contextually-based project",
      "bs": "aggregate real-time technologies"
    }
  },
  {
    "id": 10,
    "name": "Clementina DuBuque",
    "username": "Moriah.Stanton",
    "email": "Rey.Padberg@karina.biz",
    "address": {
      "street": "Kattie Turnpike",
      "suite": "Suite 198",
      "city": "Lebsackbury",
      "zipcode": "31428-2261",
      "geo": {
        "lat": "-38.2386",
        "lng": "57.2232"
      }
    },
    "phone": "024-648-3804",
    "website": "ambrose.net",
    "company": {
      "name": "Hoeger LLC",
      "catchPhrase": "Centralized empowering task-force",
      "bs": "target end-to-end models"
    }
  }
]

22:02:17.979 [pool-1-thread-1] DEBUG com.intuit.karate - request:
2 > GET https://jsonplaceholder.typicode.com/users/1
2 > Host: jsonplaceholder.typicode.com
2 > Connection: Keep-Alive
2 > User-Agent: Apache-HttpClient/4.5.14 (Java/20.0.1)
2 > Accept-Encoding: gzip,deflate


22:02:18.069 [pool-1-thread-1] DEBUG com.intuit.karate - response time in milliseconds: 88
2 < 200
2 < Date: Mon, 22 May 2023 12:02:17 GMT
2 < Content-Type: application/json; charset=utf-8
2 < Transfer-Encoding: chunked
2 < Connection: keep-alive
2 < X-Powered-By: Express
2 < X-Ratelimit-Limit: 1000
2 < X-Ratelimit-Remaining: 998
2 < X-Ratelimit-Reset: 1680481677
2 < Vary: Origin, Accept-Encoding
2 < Access-Control-Allow-Credentials: true
2 < Cache-Control: max-age=43200
2 < Pragma: no-cache
2 < Expires: -1
2 < X-Content-Type-Options: nosniff
2 < Etag: W/"1fd-+2Y3G3w049iSZtw5t1mzSnunngE"
2 < Via: 1.1 vegur
2 < CF-Cache-Status: HIT
2 < Age: 70
2 < Report-To: {"endpoints":[{"url":"https:\/\/a.nel.cloudflare.com\/report\/v3?s=db95j8o1mc7oVG0YZ%2Be5yiebqMkjkFg9FrZYShDXegpgHxzt9HHaBr5rfCA%2FPdx1fzmnorqMbYHwA8fVlcBTq4uCmBCW4tXUDJ39iaGXJSVRdERLz%2BDjMPM0FGDog2Jl76uDfxvKt2rERkbg79I%3D"}],"group":"cf-nel","max_age":604800}
2 < NEL: {"success_fraction":0,"report_to":"cf-nel","max_age":604800}
2 < Server: cloudflare
2 < CF-RAY: 7cb4e8cd6937377a-MEL
{
  "id": 1,
  "name": "Leanne Graham",
  "username": "Bret",
  "email": "Sincere@april.biz",
  "address": {
    "street": "Kulas Light",
    "suite": "Apt. 556",
    "city": "Gwenborough",
    "zipcode": "92998-3874",
    "geo": {
      "lat": "-37.3159",
      "lng": "81.1496"
    }
  },
  "phone": "1-770-736-8031 x56442",
  "website": "hildegard.org",
  "company": {
    "name": "Romaguera-Crona",
    "catchPhrase": "Multi-layered client-server neural-net",
    "bs": "harness real-time e-markets"
  }
}

22:02:18.414 [pool-1-thread-2] DEBUG com.intuit.karate - response time in milliseconds: 1460
1 < 201
1 < Date: Mon, 22 May 2023 12:02:18 GMT
1 < Content-Type: application/json; charset=utf-8
1 < Content-Length: 216
1 < Connection: keep-alive
1 < X-Powered-By: Express
1 < X-Ratelimit-Limit: 1000
1 < X-Ratelimit-Remaining: 999
1 < X-Ratelimit-Reset: 1684756981
1 < Vary: Origin, X-HTTP-Method-Override, Accept-Encoding
1 < Access-Control-Allow-Credentials: true
1 < Cache-Control: no-cache
1 < Pragma: no-cache
1 < Expires: -1
1 < Access-Control-Expose-Headers: Location
1 < Location: http://jsonplaceholder.typicode.com/users/11
1 < X-Content-Type-Options: nosniff
1 < Etag: W/"d8-pYV7+YuMGP2hxHPU9ARrf97ifDA"
1 < Via: 1.1 vegur
1 < CF-Cache-Status: DYNAMIC
1 < Report-To: {"endpoints":[{"url":"https:\/\/a.nel.cloudflare.com\/report\/v3?s=7ONByLWL8iLRCxnl5Y1WGW4ZdjS71r8ytlIKVY7zdzDnoJHx%2BJ635H5uDvpPOujk5f%2FgdOyyYQJYNEUHPyV5xn7GqvoQdsges7z5afLqdGzxD9bbgO9llB1ha1uqxwbxVAHBe2Cho8bC49tmefE%3D"}],"group":"cf-nel","max_age":604800}
1 < NEL: {"success_fraction":0,"report_to":"cf-nel","max_age":604800}
1 < Server: cloudflare
1 < CF-RAY: 7cb4e8cc0e2429a7-MEL
{
  "name": "Test User",
  "username": "testuser",
  "email": "test@user.com",
  "address": {
    "street": "Has No Name",
    "suite": "Apt. 123",
    "city": "Electri",
    "zipcode": "54321-6789"
  },
  "id": 11
}

22:02:18.439 [pool-1-thread-2] INFO  com.intuit.karate - [print] created id is:  11 
22:02:20.205 [pool-2-thread-1] INFO  com.intuit.karate.Suite - <<pass>> feature 1 of 1 (0 remaining) classpath:examples/users/users.feature
22:24:56.988 [main] DEBUG com.intuit.karate.Suite - [config] classpath:karate-config.js
22:24:57.010 [main] INFO  com.intuit.karate.Suite - backed up existing 'target\karate-reports' dir to: target\karate-reports_1684758296996
22:45:24.347 [main] DEBUG com.intuit.karate.Suite - [config] classpath:karate-config.js
22:45:24.371 [main] INFO  com.intuit.karate.Suite - backed up existing 'target\karate-reports' dir to: target\karate-reports_1684759524355
